{
  "RSpec": {
    "coverage": {
      "/home/kooky-form-5899/tic-tac-toe-rb-online-web-sp-000/lib/tic_tac_toe.rb": [
        null,
        null,
        null,
        1,
        null,
        null,
        null,
        null,
        null,
        null,
        null,
        null,
        null,
        null,
        null,
        null,
        1,
        null,
        null,
        1,
        5,
        5,
        5,
        5,
        5,
        null,
        null,
        1,
        6,
        null,
        null,
        1,
        3,
        null,
        null,
        1,
        null,
        null,
        8,
        3,
        null,
        null,
        1,
        6,
        null,
        null,
        1,
        null,
        3,
        null,
        3,
        null,
        3,
        null,
        3,
        null,
        2,
        null,
        null,
        1,
        null,
        null,
        0,
        null
      ]
    },
    "timestamp": 1563815928
  }
}
